============================================================
  Generated by:           Genus(TM) Synthesis Solution 19.12-s121_1
  Generated on:           Jan 27 2023  01:27:40 am
  Module:                 fifo1_sramb
  Technology libraries:   saed32io_wb_ss0p95v125c_2p25v 
                          saed32sramlp_ss0p75v125c_i0p75v 1.0000000
                          saed32pll_ss0p95v125c_2p25v 
                          saed32rvt_ss0p95v125c 1.0000000
  Operating conditions:   _nominal_ (balanced_tree)
  Wireload mode:          enclosed
  Area mode:              timing library
============================================================

Timing
--------

 Clock Period 
--------------
rclk    780.0 
wclk    780.0 
wclk2x  390.0 


  Cost    Critical           Violating 
 Group   Path Slack   TNS      Paths   
---------------------------------------
default    No paths     0.0            
INPUTS        -30.7   -61.2          2 
OUTPUTS        -2.5   -20.0          8 
rclk          -36.2   -36.2          1 
wclk          -19.7   -19.7          1 
wclk2x     No paths     0.0            
---------------------------------------
Total                 -86.7         12 

Instance Count
--------------
Leaf Instance Count             588 
Physical Instance count           0 
Sequential Instance Count       104 
Combinational Instance Count    484 
Hierarchical Instance Count       5 

Area
----
Cell Area                          511616.447
Physical Cell Area                 0.000
Total Cell Area (Cell+Physical)    511616.447
Net Area                           0.000
Total Area (Cell+Physical+Net)     511616.447

Max Fanout                         72 (fifomem/n_27)
Min Fanout                         0 (io_b_wrst_n_net)
Average Fanout                     2.6
Terms to net ratio                 3.9951
Terms to instance ratio            4.1514
Runtime                            301.203311 seconds
Elapsed Runtime                    386 seconds
Genus peak memory usage            1417.74 
Innovus peak memory usage          no_value 
Hostname                           mo.ece.pdx.edu
